<?xml version="1.0" encoding="utf-8"?><testsuites name="pytest tests"><testsuite name="pytest" errors="0" failures="1" skipped="0" tests="1" time="43.289" timestamp="2026-03-10T02:04:50.274663+08:00" hostname="DESKTOP-CQIUSJN"><testcase classname="tests.Survey.test_Create_Survey" name="test_create_survey" time="42.950"><failure message="playwright._impl._errors.TimeoutError: Locator.click: Timeout 30000ms exceeded.&#10;Call log:&#10;  - waiting for get_by_role(&quot;textbox&quot;, name=&quot;Survey Title&quot;)">tests\Survey\test_Create_Survey.py:11: in test_create_survey
    survey.create_survey(title="Regression Testing")
tests\pages\survey_page.py:23: in create_survey
    self.page.get_by_role("textbox", name="Survey Title").click(delay=3000)
venv\Lib\site-packages\playwright\sync_api\_generated.py:15505: in click
    self._sync(
venv\Lib\site-packages\playwright\_impl\_locator.py:160: in click
    return await self._frame.click(self._selector, strict=True, **params)
           ^^^^^^^^^^^^^^^^^^^^^^^^^^^^^^^^^^^^^^^^^^^^^^^^^^^^^^^^^^^^^^
venv\Lib\site-packages\playwright\_impl\_frame.py:521: in click
    await self._channel.send("click", self._timeout, locals_to_params(locals()))
venv\Lib\site-packages\playwright\_impl\_connection.py:69: in send
    return await self._connection.wrap_api_call(
venv\Lib\site-packages\playwright\_impl\_connection.py:558: in wrap_api_call
    raise rewrite_error(error, f"{parsed_st['apiName']}: {error}") from None
E   playwright._impl._errors.TimeoutError: Locator.click: Timeout 30000ms exceeded.
E   Call log:
E     - waiting for get_by_role("textbox", name="Survey Title")</failure></testcase></testsuite></testsuites>